<?xml version="1.0" encoding="UTF-8"?>
<!-- Generated by org.testng.reporters.JUnitReportReporter -->
<testsuite hostname="DESKTOP-CVFL0M8" failures="0" tests="1" name="com.projectname.qa.TestCases.LoginTest" time="1.996" errors="0" timestamp="8 Oct 2022 08:55:32 GMT">
  <testcase classname="com.projectname.qa.TestCases.LoginTest" name="FacebookLoginPageTest" time="1.996"/>
</testsuite>
