<?xml version="1.0" encoding="UTF-8"?>
<!-- Generated by org.testng.reporters.JUnitReportReporter -->
<testsuite hostname="DESKTOP-CVFL0M8" failures="0" tests="1" name="com.projectname.qa.TestCases.RegistrationTest" time="7.942" errors="0" timestamp="8 Oct 2022 09:10:59 GMT">
  <testcase classname="com.projectname.qa.TestCases.RegistrationTest" name="FacebookRegistrationPageTest_Positive" time="7.942"/>
</testsuite>
